2023-03-04 15:04:13.673 [info] Log level: Info
2023-03-04 15:04:13.673 [info] Validating found git in: "git"
2023-03-04 15:04:13.673 [info] Using git "2.39.2" from "git"
2023-03-04 15:04:13.673 [info] > git rev-parse --show-toplevel [6ms]
2023-03-04 15:04:13.673 [info] fatal: not a git repository (or any of the parent directories): .git
2023-03-04 15:04:13.675 [info] > git rev-parse --show-toplevel [14ms]
2023-03-04 15:04:13.675 [info] fatal: not a git repository (or any of the parent directories): .git
2023-03-04 15:04:13.683 [info] > git rev-parse --show-toplevel [1ms]
2023-03-04 15:04:13.683 [info] fatal: not a git repository (or any of the parent directories): .git
2023-03-04 15:04:13.690 [info] > git rev-parse --show-toplevel [1ms]
2023-03-04 15:04:13.690 [info] fatal: not a git repository (or any of the parent directories): .git
2023-03-04 15:04:16.007 [info] > git rev-parse --show-toplevel [4ms]
2023-03-04 15:04:16.007 [info] fatal: not a git repository (or any of the parent directories): .git
2023-03-04 15:04:33.309 [info] > git rev-parse --show-toplevel [15ms]
2023-03-04 15:04:33.309 [info] fatal: not a git repository (or any of the parent directories): .git
2023-03-04 15:04:45.441 [info] > git rev-parse --show-toplevel [3ms]
2023-03-04 15:04:45.441 [info] fatal: not a git repository (or any of the parent directories): .git
2023-03-04 15:04:47.753 [info] > git rev-parse --show-toplevel [7ms]
2023-03-04 15:04:47.753 [info] fatal: not a git repository (or any of the parent directories): .git
2023-03-04 15:04:55.207 [info] > git rev-parse --show-toplevel [7ms]
2023-03-04 15:04:55.207 [info] fatal: not a git repository (or any of the parent directories): .git
2023-03-04 15:05:00.192 [info] > git rev-parse --show-toplevel [12ms]
2023-03-04 15:05:00.192 [info] fatal: not a git repository (or any of the parent directories): .git
2023-03-04 15:28:19.427 [info] > git rev-parse --show-toplevel [23ms]
2023-03-04 15:28:19.427 [info] fatal: not a git repository (or any of the parent directories): .git
2023-03-04 15:29:02.721 [info] > git rev-parse --show-toplevel [9ms]
2023-03-04 15:29:02.721 [info] fatal: not a git repository (or any of the parent directories): .git
